Base path: C:/Program Files (x86)/Unity/Editor/Data
Pipe name: \\.\pipe\UnityShaderCompiler-1-6872
Cmd: getPlatforms
Cmd: preprocess
  insize=2947 outsize=1323 ok=1
Cmd: compileSnippet
  api=4 type=0 insize=1925 outsize=1567 kw= ok=1
Cmd: compileSnippet
  api=4 type=1 insize=1925 outsize=2127 kw= ok=1
Cmd: preprocess
  insize=2947 outsize=1323 ok=1
Cmd: preprocess
  insize=2947 outsize=1323 ok=1
Cmd: preprocess
  insize=2947 outsize=1323 ok=1
Cmd: preprocess
  insize=2947 outsize=1323 ok=1
Cmd: preprocess
  insize=2952 outsize=1328 ok=1
Cmd: preprocess
  insize=2952 outsize=1328 ok=1
Cmd: preprocess
  insize=2952 outsize=1328 ok=1
Cmd: preprocess
  insize=2952 outsize=1328 ok=1
Cmd: preprocess
  insize=2952 outsize=1328 ok=1
Cmd: preprocess
  insize=2952 outsize=1328 ok=1
Cmd: preprocess
  insize=2952 outsize=1328 ok=1
Cmd: preprocess
  insize=2952 outsize=1328 ok=1
Cmd: preprocess
  insize=2952 outsize=1328 ok=1
